2025-07-24 04:04:16,198 - INFO - === [START] AHE Encryption ===
2025-07-24 04:04:16,200 - INFO - [SECURITY] PQC handshake: Kyber768
2025-07-24 04:04:16,200 - DEBUG - [TRACE] Fusion key derivation initiated
2025-07-24 04:04:16,201 - INFO - [TRACE] AES key derived successfully
2025-07-24 04:04:16,208 - DEBUG - [INTEGRITY] AES-GCM tag generated
2025-07-24 04:04:16,208 - INFO - [INTEGRITY] AES encryption completed
2025-07-24 04:04:16,249 - DEBUG - [ZERO-KNOWLEDGE] Metadata encapsulated securely
2025-07-24 04:04:16,254 - INFO - [DONE] Encryption finished in 0.0547s
2025-07-24 04:04:16,254 - INFO - Ciphertext: secure_storage/ciphertext_20250724_040416.ahe, Metadata: secure_storage/metadata_20250724_040416.meta
2
2025-07-24 04:06:16,771 - INFO - === [START] AHE Decryption ===
2025-07-24 04:06:16,774 - INFO - [INFO] Using ciphertext: secure_storage/ciphertext_20250724_040416.ahe
2025-07-24 04:06:16,775 - INFO - [INFO] Using metadata: secure_storage/metadata_20250724_040416.meta
2025-07-24 04:06:16,818 - INFO - [SECURITY] Re-validating PQC profile: Kyber768
2025-07-24 04:06:16,819 - DEBUG - [TRACE] Fusion key derivation initiated
2025-07-24 04:06:16,819 - INFO - [DONE] Decryption successful
2025-07-24 04:18:37,532 - INFO - === [START] AHE Encryption ===
2025-07-24 04:23:32,709 - INFO - === [START] AHE Encryption ===
2025-07-24 04:23:32,710 - INFO - [AUDIT] Input entropy: 3.0270 | Anomaly: True
2025-07-24 04:23:32,710 - WARNING - [AUDIT] Anomaly reasons: Entropy out of normal range
2025-07-24 04:23:32,710 - DEBUG - [TIMING] Entropy+Anomaly detection took 0.000028s
2025-07-24 04:23:32,711 - INFO - [SECURITY] PQC handshake: Kyber768
2025-07-24 04:23:32,711 - DEBUG - [TIMING] PQC handshake took 0.000684s
2025-07-24 04:23:32,711 - DEBUG - [TRACE] Fusion key derivation initiated
2025-07-24 04:23:32,712 - INFO - [TRACE] AES key derived successfully
2025-07-24 04:23:32,712 - DEBUG - [TIMING] AES key derivation took 0.000156s
2025-07-24 04:23:32,719 - DEBUG - [INTEGRITY] AES-GCM tag generated
2025-07-24 04:23:32,719 - INFO - [INTEGRITY] AES encryption completed
2025-07-24 04:23:32,720 - DEBUG - [TIMING] AES encryption took 0.007401s
2025-07-24 04:23:32,761 - DEBUG - [ZERO-KNOWLEDGE] Metadata encapsulated securely
2025-07-24 04:23:32,761 - DEBUG - [TIMING] Metadata encryption took 0.041500s
2025-07-24 04:23:32,766 - INFO - [DONE] Encryption finished in 0.0568s
2025-07-24 04:23:32,767 - INFO - Ciphertext: secure_storage/ciphertext_20250724_042332.ahe, Metadata: secure_storage/metadata_20250724_042332.meta
2025-07-24 04:23:32,767 - INFO - === [END] Zero Knowledge Assurance Verified ===
2025-07-24 04:23:54,247 - INFO - === [START] AHE Decryption ===
2025-07-24 04:23:54,250 - INFO - [INFO] Using ciphertext: secure_storage/ciphertext_20250724_042332.ahe
2025-07-24 04:23:54,250 - INFO - [INFO] Using metadata: secure_storage/metadata_20250724_042332.meta
2025-07-24 04:23:54,294 - INFO - [SECURITY] PQC profile: Kyber768
2025-07-24 04:23:54,295 - INFO - [AUDIT] Original entropy: 3.0269868333592873
2025-07-24 04:23:54,295 - INFO - [AUDIT] Anomaly flagged: True
2025-07-24 04:23:54,296 - DEBUG - [TRACE] Fusion key derivation initiated
2025-07-24 04:23:54,297 - INFO - [DONE] Decryption successful in 0.0490s
2025-07-24 04:23:54,297 - INFO - === [END] Zero Knowledge Assurance Verified ===
2025-07-24 04:53:40,712 - INFO - === [START] AHE Encryption ===
2025-07-24 04:53:40,712 - INFO - [AUDIT] Input entropy: -0.0000 | Anomaly: True
2025-07-24 04:53:40,713 - WARNING - [AUDIT] Anomaly reasons: Entropy out of normal range
2025-07-24 04:53:40,713 - DEBUG - [TIMING] Entropy+Anomaly detection took 0.000032s
2025-07-24 04:53:40,714 - INFO - [SECURITY] PQC handshake: ML-KEM-768
2025-07-24 04:53:40,714 - DEBUG - [TIMING] PQC handshake took 0.000198s
2025-07-24 04:53:40,714 - DEBUG - [TRACE] Fusion key derivation initiated
2025-07-24 04:53:40,714 - INFO - [TRACE] AES key derived successfully
2025-07-24 04:53:40,715 - DEBUG - [TIMING] AES key derivation took 0.000179s
2025-07-24 04:53:40,715 - DEBUG - [INTEGRITY] AES-GCM tag generated
2025-07-24 04:53:40,715 - INFO - [INTEGRITY] AES encryption completed
2025-07-24 04:53:40,715 - DEBUG - [TIMING] AES encryption took 0.000359s
2025-07-24 04:53:40,756 - DEBUG - [ZERO-KNOWLEDGE] Metadata encapsulated securely
2025-07-24 04:53:40,757 - DEBUG - [TIMING] Metadata encryption took 0.041435s
2025-07-24 04:53:40,764 - INFO - [DONE] Encryption finished in 0.0515s
2025-07-24 04:53:40,764 - INFO - Ciphertext: secure_storage/ciphertext_20250724_045340.ahe, Metadata: secure_storage/metadata_20250724_045340.meta
2025-07-24 04:53:40,764 - INFO - === [END] Zero Knowledge Assurance Verified ===
2025-07-24 04:53:55,985 - INFO - === [START] AHE Decryption ===
2025-07-24 04:53:55,987 - INFO - [INFO] Using ciphertext: secure_storage/ciphertext_20250724_045340.ahe
2025-07-24 04:53:55,988 - INFO - [INFO] Using metadata: secure_storage/metadata_20250724_045340.meta
2025-07-24 04:54:01,018 - INFO - === [START] AHE Decryption ===
2025-07-24 04:54:01,021 - INFO - [INFO] Using ciphertext: secure_storage/ciphertext_20250724_045340.ahe
2025-07-24 04:54:01,021 - INFO - [INFO] Using metadata: secure_storage/metadata_20250724_045340.meta
2025-07-24 04:54:07,033 - INFO - === [START] AHE Decryption ===
2025-07-24 04:54:07,036 - INFO - [INFO] Using ciphertext: secure_storage/ciphertext_20250724_045340.ahe
2025-07-24 04:54:07,036 - INFO - [INFO] Using metadata: secure_storage/metadata_20250724_045340.meta
2025-07-24 04:54:07,080 - INFO - [SECURITY] PQC profile: ML-KEM-768
2025-07-24 04:54:07,080 - INFO - [AUDIT] Original entropy: -0.0
2025-07-24 04:54:07,081 - INFO - [AUDIT] Anomaly flagged: True
2025-07-24 04:54:07,081 - DEBUG - [TRACE] Fusion key derivation initiated
2025-07-24 04:54:07,081 - INFO - [DONE] Decryption successful in 0.0475s
2025-07-24 04:54:07,082 - INFO - === [END] Zero Knowledge Assurance Verified ===
2025-07-24 04:54:34,700 - INFO - === [START] AHE Decryption ===
2025-07-24 04:54:34,703 - INFO - [INFO] Using ciphertext: secure_storage/ciphertext_20250724_045340.ahe
2025-07-24 04:54:34,704 - INFO - [INFO] Using metadata: secure_storage/metadata_20250724_045340.meta
2025-07-24 04:54:40,028 - INFO - === [START] AHE Decryption ===
2025-07-24 04:54:40,031 - INFO - [INFO] Using ciphertext: secure_storage/ciphertext_20250724_045340.ahe
2025-07-24 04:54:40,031 - INFO - [INFO] Using metadata: secure_storage/metadata_20250724_045340.meta
2025-07-24 04:54:40,075 - INFO - [SECURITY] PQC profile: ML-KEM-768
2025-07-24 04:54:40,076 - INFO - [AUDIT] Original entropy: -0.0
2025-07-24 04:54:40,076 - INFO - [AUDIT] Anomaly flagged: True
2025-07-24 04:54:40,077 - DEBUG - [TRACE] Fusion key derivation initiated
2025-07-24 04:54:40,078 - INFO - [DONE] Decryption successful in 0.0488s
2025-07-24 04:54:40,078 - INFO - === [END] Zero Knowledge Assurance Verified ===
2025-07-24 06:20:02,304 - DEBUG - [TRACE] Fusion key derivation initiated
2025-07-24 06:20:02,359 - DEBUG - [ZERO-KNOWLEDGE] Metadata encapsulated securely
2025-07-24 06:20:02,414 - INFO - === [START] AHE Encryption ===
2025-07-24 06:20:02,414 - INFO - [AUDIT] Input entropy: 3.7341 | Anomaly: False
2025-07-24 06:20:02,414 - DEBUG - [TIMING] Entropy+Anomaly detection took 0.000022s
2025-07-24 06:20:02,415 - INFO - [SECURITY] PQC handshake: Kyber768
2025-07-24 06:20:02,415 - DEBUG - [TIMING] PQC handshake took 0.000646s
2025-07-24 06:20:02,415 - DEBUG - [TRACE] Fusion key derivation initiated
2025-07-24 06:20:02,416 - INFO - [TRACE] AES key derived successfully
2025-07-24 06:20:02,416 - DEBUG - [TIMING] AES key derivation took 0.000161s
2025-07-24 06:20:02,416 - DEBUG - [INTEGRITY] AES-GCM tag generated
2025-07-24 06:20:02,416 - INFO - [INTEGRITY] AES encryption completed
2025-07-24 06:20:02,417 - DEBUG - [TIMING] AES encryption took 0.000441s
2025-07-24 06:20:02,458 - DEBUG - [ZERO-KNOWLEDGE] Metadata encapsulated securely
2025-07-24 06:20:02,459 - DEBUG - [TIMING] Metadata encryption took 0.041950s
2025-07-24 06:20:02,463 - INFO - [DONE] Encryption finished in 0.0492s
2025-07-24 06:20:02,464 - INFO - Ciphertext: secure_storage/ciphertext_20250724_062002.ahe, Metadata: secure_storage/metadata_20250724_062002.meta
2025-07-24 06:20:02,464 - INFO - === [END] Zero Knowledge Assurance Verified ===
2025-07-24 06:20:02,465 - INFO - === [START] AHE Decryption ===
2025-07-24 06:20:02,467 - INFO - [INFO] Using ciphertext: secure_storage/ciphertext_20250724_062002.ahe
2025-07-24 06:20:02,468 - INFO - [INFO] Using metadata: secure_storage/metadata_20250724_062002.meta
2025-07-24 06:20:02,510 - INFO - [SECURITY] PQC profile: Kyber768
2025-07-24 06:20:02,510 - INFO - [AUDIT] Original entropy: 3.734091001987521
2025-07-24 06:20:02,511 - INFO - [AUDIT] Anomaly flagged: False
2025-07-24 06:20:02,512 - DEBUG - [TRACE] Fusion key derivation initiated
2025-07-24 06:20:02,512 - INFO - [DONE] Decryption successful in 0.0464s
2025-07-24 06:20:02,512 - INFO - === [END] Zero Knowledge Assurance Verified ===
2025-07-24 06:20:02,515 - INFO - === [START] AHE Decryption ===
2025-07-24 06:20:02,517 - INFO - [INFO] Using ciphertext: secure_storage/ciphertext_20250724_062002.ahe
2025-07-24 06:20:02,517 - INFO - [INFO] Using metadata: secure_storage/metadata_20250724_062002.meta
2025-07-24 06:20:02,567 - INFO - === [START] AHE Decryption ===
2025-07-24 06:20:02,569 - INFO - [INFO] Using ciphertext: secure_storage/ciphertext_20250724_062002.ahe
2025-07-24 06:20:02,570 - INFO - [INFO] Using metadata: secure_storage/metadata_20250724_062002.meta
2025-07-24 06:20:02,618 - INFO - === [START] AHE Decryption ===
2025-07-24 06:20:02,621 - INFO - [INFO] Using ciphertext: secure_storage/ciphertext_20250724_062002.ahe
2025-07-24 06:20:02,621 - INFO - [INFO] Using metadata: secure_storage/metadata_20250724_062002.meta
2025-07-24 06:20:02,667 - INFO - === [START] AHE Encryption ===
2025-07-24 06:20:02,667 - INFO - [AUDIT] Input entropy: 3.4864 | Anomaly: True
2025-07-24 06:20:02,667 - WARNING - [AUDIT] Anomaly reasons: Entropy out of normal range
2025-07-24 06:20:02,667 - DEBUG - [TIMING] Entropy+Anomaly detection took 0.000021s
2025-07-24 06:20:02,668 - INFO - [SECURITY] PQC handshake: Kyber768
2025-07-24 06:20:02,668 - DEBUG - [TIMING] PQC handshake took 0.000107s
2025-07-24 06:20:02,668 - DEBUG - [TRACE] Fusion key derivation initiated
2025-07-24 06:20:02,668 - INFO - [TRACE] AES key derived successfully
2025-07-24 06:20:02,668 - DEBUG - [TIMING] AES key derivation took 0.000153s
2025-07-24 06:20:02,669 - DEBUG - [INTEGRITY] AES-GCM tag generated
2025-07-24 06:20:02,669 - INFO - [INTEGRITY] AES encryption completed
2025-07-24 06:20:02,669 - DEBUG - [TIMING] AES encryption took 0.000240s
2025-07-24 06:20:02,710 - DEBUG - [ZERO-KNOWLEDGE] Metadata encapsulated securely
2025-07-24 06:20:02,711 - DEBUG - [TIMING] Metadata encryption took 0.041655s
2025-07-24 06:20:02,715 - INFO - [DONE] Encryption finished in 0.0477s
2025-07-24 06:20:02,715 - INFO - Ciphertext: secure_storage/ciphertext_20250724_062002.ahe, Metadata: secure_storage/metadata_20250724_062002.meta
2025-07-24 06:20:02,715 - INFO - === [END] Zero Knowledge Assurance Verified ===
2025-07-24 06:20:02,717 - INFO - === [START] AHE Encryption ===
2025-07-24 06:20:02,717 - INFO - [AUDIT] Input entropy: 3.2359 | Anomaly: True
2025-07-24 06:20:02,717 - WARNING - [AUDIT] Anomaly reasons: Suspicious characters detected, Entropy out of normal range
2025-07-24 06:20:02,718 - DEBUG - [TIMING] Entropy+Anomaly detection took 0.000015s
2025-07-24 06:20:02,718 - INFO - [SECURITY] PQC handshake: Kyber768
2025-07-24 06:20:02,718 - DEBUG - [TIMING] PQC handshake took 0.000110s
2025-07-24 06:20:02,718 - DEBUG - [TRACE] Fusion key derivation initiated
2025-07-24 06:20:02,718 - INFO - [TRACE] AES key derived successfully
2025-07-24 06:20:02,719 - DEBUG - [TIMING] AES key derivation took 0.000188s
2025-07-24 06:20:02,719 - DEBUG - [INTEGRITY] AES-GCM tag generated
2025-07-24 06:20:02,719 - INFO - [INTEGRITY] AES encryption completed
2025-07-24 06:20:02,719 - DEBUG - [TIMING] AES encryption took 0.000261s
2025-07-24 06:20:02,760 - DEBUG - [ZERO-KNOWLEDGE] Metadata encapsulated securely
2025-07-24 06:20:02,761 - DEBUG - [TIMING] Metadata encryption took 0.041741s
2025-07-24 06:20:02,765 - INFO - [DONE] Encryption finished in 0.0481s
2025-07-24 06:20:02,765 - INFO - Ciphertext: secure_storage/ciphertext_20250724_062002.ahe, Metadata: secure_storage/metadata_20250724_062002.meta
2025-07-24 06:20:02,766 - INFO - === [END] Zero Knowledge Assurance Verified ===
2025-07-24 07:03:50,986 - INFO - === [START] AHE Encryption ===
2025-07-24 07:03:50,986 - INFO - [AUDIT] Input entropy: 2.5850 | Anomaly: True
2025-07-24 07:03:50,987 - WARNING - [AUDIT] Anomaly reasons: Entropy out of normal range
2025-07-24 07:03:50,987 - DEBUG - [TIMING] Entropy+Anomaly detection took 0.000030s
2025-07-24 07:03:50,990 - INFO - [SECURITY] PQC handshake: ML-KEM-768
2025-07-24 07:03:50,990 - DEBUG - [TIMING] PQC handshake took 0.002552s
2025-07-24 07:03:50,990 - DEBUG - [TRACE] Fusion key derivation initiated
2025-07-24 07:03:50,990 - INFO - [TRACE] AES key derived successfully
2025-07-24 07:03:50,990 - DEBUG - [TIMING] AES key derivation took 0.000217s
2025-07-24 07:03:51,001 - DEBUG - [INTEGRITY] AES-GCM tag generated
2025-07-24 07:03:51,001 - INFO - [INTEGRITY] AES encryption completed
2025-07-24 07:03:51,001 - DEBUG - [TIMING] AES encryption took 0.010411s
2025-07-24 07:03:51,043 - DEBUG - [ZERO-KNOWLEDGE] Metadata encapsulated securely
2025-07-24 07:03:51,044 - DEBUG - [TIMING] Metadata encryption took 0.042330s
2025-07-24 07:03:51,047 - INFO - [DONE] Encryption finished in 0.0609s
2025-07-24 07:03:51,047 - INFO - Ciphertext: secure_storage/ciphertext_20250724_070351.ahe, Metadata: secure_storage/metadata_20250724_070351.meta
2025-07-24 07:03:51,048 - INFO - === [END] Zero Knowledge Assurance Verified ===
2025-07-24 07:07:25,431 - INFO - === [START] AHE Encryption ===
2025-07-24 07:07:25,432 - INFO - [AUDIT] Input entropy: 3.3232 | Anomaly: True
2025-07-24 07:07:25,432 - WARNING - [AUDIT] Anomaly reasons: Entropy out of normal range
2025-07-24 07:07:25,432 - DEBUG - [TIMING] Entropy+Anomaly detection took 0.000032s
2025-07-24 07:07:25,433 - INFO - [SECURITY] PQC handshake: ML-KEM-768
2025-07-24 07:07:25,433 - DEBUG - [TIMING] PQC handshake took 0.000217s
2025-07-24 07:07:25,433 - DEBUG - [TRACE] Fusion key derivation initiated
2025-07-24 07:07:25,434 - INFO - [TRACE] AES key derived successfully
2025-07-24 07:07:25,434 - DEBUG - [TIMING] AES key derivation took 0.000243s
2025-07-24 07:07:25,434 - DEBUG - [INTEGRITY] AES-GCM tag generated
2025-07-24 07:07:25,434 - INFO - [INTEGRITY] AES encryption completed
2025-07-24 07:07:25,434 - DEBUG - [TIMING] AES encryption took 0.000310s
2025-07-24 07:07:25,476 - DEBUG - [ZERO-KNOWLEDGE] Metadata encapsulated securely
2025-07-24 07:07:25,476 - DEBUG - [TIMING] Metadata encryption took 0.041750s
2025-07-24 07:07:25,484 - INFO - [DONE] Encryption finished in 0.0524s
2025-07-24 07:07:25,485 - INFO - Ciphertext: secure_storage/ciphertext_20250724_070725.ahe, Metadata: secure_storage/metadata_20250724_070725.meta
2025-07-24 07:07:25,485 - INFO - === [END] Zero Knowledge Assurance Verified ===
2025-07-24 07:07:33,504 - INFO - === [START] AHE Encryption ===
2025-07-24 07:07:33,504 - INFO - [AUDIT] Input entropy: 3.3232 | Anomaly: True
2025-07-24 07:07:33,504 - WARNING - [AUDIT] Anomaly reasons: Entropy out of normal range
2025-07-24 07:07:33,505 - DEBUG - [TIMING] Entropy+Anomaly detection took 0.000035s
2025-07-24 07:07:33,506 - INFO - [SECURITY] PQC handshake: Kyber768
2025-07-24 07:07:33,506 - DEBUG - [TIMING] PQC handshake took 0.000760s
2025-07-24 07:07:33,506 - DEBUG - [TRACE] Fusion key derivation initiated
2025-07-24 07:07:33,506 - INFO - [TRACE] AES key derived successfully
2025-07-24 07:07:33,506 - DEBUG - [TIMING] AES key derivation took 0.000172s
2025-07-24 07:07:33,507 - DEBUG - [INTEGRITY] AES-GCM tag generated
2025-07-24 07:07:33,507 - INFO - [INTEGRITY] AES encryption completed
2025-07-24 07:07:33,507 - DEBUG - [TIMING] AES encryption took 0.000344s
2025-07-24 07:07:33,550 - DEBUG - [ZERO-KNOWLEDGE] Metadata encapsulated securely
2025-07-24 07:07:33,550 - DEBUG - [TIMING] Metadata encryption took 0.043149s
2025-07-24 07:07:33,554 - INFO - [DONE] Encryption finished in 0.0502s
2025-07-24 07:07:33,555 - INFO - Ciphertext: secure_storage/ciphertext_20250724_070733.ahe, Metadata: secure_storage/metadata_20250724_070733.meta
2025-07-24 07:07:33,555 - INFO - === [END] Zero Knowledge Assurance Verified ===
2025-07-24 07:09:08,067 - INFO - === [START] AHE Encryption ===
2025-07-24 07:09:08,067 - INFO - [AUDIT] Input entropy: 3.2516 | Anomaly: True
2025-07-24 07:09:08,068 - WARNING - [AUDIT] Anomaly reasons: Entropy out of normal range
2025-07-24 07:09:08,068 - DEBUG - [TIMING] Entropy+Anomaly detection took 0.000018s
2025-07-24 07:09:08,068 - INFO - [SECURITY] PQC handshake: ML-KEM-768
2025-07-24 07:09:08,068 - DEBUG - [TIMING] PQC handshake took 0.000164s
2025-07-24 07:09:08,069 - DEBUG - [TRACE] Fusion key derivation initiated
2025-07-24 07:09:08,069 - INFO - [TRACE] AES key derived successfully
2025-07-24 07:09:08,069 - DEBUG - [TIMING] AES key derivation took 0.000195s
2025-07-24 07:09:08,069 - DEBUG - [INTEGRITY] AES-GCM tag generated
2025-07-24 07:09:08,069 - INFO - [INTEGRITY] AES encryption completed
2025-07-24 07:09:08,070 - DEBUG - [TIMING] AES encryption took 0.000281s
2025-07-24 07:09:08,112 - DEBUG - [ZERO-KNOWLEDGE] Metadata encapsulated securely
2025-07-24 07:09:08,112 - DEBUG - [TIMING] Metadata encryption took 0.042331s
2025-07-24 07:09:08,116 - INFO - [DONE] Encryption finished in 0.0484s
2025-07-24 07:09:08,116 - INFO - Ciphertext: secure_storage/ciphertext_20250724_070908.ahe, Metadata: secure_storage/metadata_20250724_070908.meta
2025-07-24 07:09:08,117 - INFO - === [END] Zero Knowledge Assurance Verified ===
2025-07-24 07:11:42,466 - INFO - === [START] AHE Encryption ===
2025-07-24 07:11:42,467 - INFO - [AUDIT] Input entropy: 3.2516 | Anomaly: True
2025-07-24 07:11:42,467 - WARNING - [AUDIT] Anomaly reasons: Entropy out of normal range
2025-07-24 07:11:42,468 - DEBUG - [TIMING] Entropy+Anomaly detection took 0.000026s
2025-07-24 07:11:42,468 - INFO - [SECURITY] PQC handshake: ML-KEM-768
2025-07-24 07:11:42,468 - DEBUG - [TIMING] PQC handshake took 0.000125s
2025-07-24 07:11:42,468 - DEBUG - [TRACE] Fusion key derivation initiated
2025-07-24 07:11:42,468 - INFO - [TRACE] AES key derived successfully
2025-07-24 07:11:42,469 - DEBUG - [TIMING] AES key derivation took 0.000195s
2025-07-24 07:11:42,469 - DEBUG - [INTEGRITY] AES-GCM tag generated
2025-07-24 07:11:42,469 - INFO - [INTEGRITY] AES encryption completed
2025-07-24 07:11:42,469 - DEBUG - [TIMING] AES encryption took 0.000310s
2025-07-24 07:11:42,513 - DEBUG - [ZERO-KNOWLEDGE] Metadata encapsulated securely
2025-07-24 07:11:42,513 - DEBUG - [TIMING] Metadata encryption took 0.043844s
2025-07-24 07:11:42,517 - INFO - [DONE] Encryption finished in 0.0496s
2025-07-24 07:11:42,517 - INFO - Ciphertext: secure_storage/ciphertext_20250724_071142.ahe, Metadata: secure_storage/metadata_20250724_071142.meta
2025-07-24 07:11:42,517 - INFO - === [END] Zero Knowledge Assurance Verified ===
2025-07-24 07:21:12,202 - INFO - === [START] AHE Encryption ===
2025-07-24 07:21:12,202 - INFO - [AUDIT] Input entropy: 2.5850 | Anomaly: True
2025-07-24 07:21:12,203 - WARNING - [AUDIT] Anomaly reasons: Entropy out of normal range
2025-07-24 07:21:12,203 - DEBUG - [TIMING] Entropy+Anomaly detection took 0.000034s
2025-07-24 07:21:12,204 - INFO - [SECURITY] PQC handshake: Kyber512
2025-07-24 07:21:12,204 - DEBUG - [TIMING] PQC handshake took 0.000722s
2025-07-24 07:21:12,204 - DEBUG - [TRACE] Fusion key derivation initiated
2025-07-24 07:21:12,205 - INFO - [TRACE] AES key derived successfully
2025-07-24 07:21:12,205 - DEBUG - [TIMING] AES key derivation took 0.000175s
2025-07-24 07:21:12,212 - DEBUG - [INTEGRITY] AES-GCM tag generated
2025-07-24 07:21:12,213 - INFO - [INTEGRITY] AES encryption completed
2025-07-24 07:21:12,213 - DEBUG - [TIMING] AES encryption took 0.007691s
2025-07-24 07:21:12,254 - DEBUG - [ZERO-KNOWLEDGE] Metadata encapsulated securely
2025-07-24 07:21:12,255 - DEBUG - [TIMING] Metadata encryption took 0.042015s
2025-07-24 07:21:12,259 - INFO - [DONE] Encryption finished in 0.0568s
2025-07-24 07:21:12,259 - INFO - Ciphertext: secure_storage/ciphertext_20250724_072112.ahe, Metadata: secure_storage/metadata_20250724_072112.meta
2025-07-24 07:21:12,260 - INFO - === [END] Zero Knowledge Assurance Verified ===
2025-07-24 07:23:01,830 - INFO - === [START] AHE Decryption ===
2025-07-24 07:23:01,833 - INFO - [INFO] Using ciphertext: secure_storage/ciphertext_20250724_072112.ahe
2025-07-24 07:23:01,833 - INFO - [INFO] Using metadata: secure_storage/metadata_20250724_072112.meta
2025-07-24 07:23:03,413 - INFO - === [START] AHE Decryption ===
2025-07-24 07:23:03,417 - INFO - [INFO] Using ciphertext: secure_storage/ciphertext_20250724_072112.ahe
2025-07-24 07:23:03,417 - INFO - [INFO] Using metadata: secure_storage/metadata_20250724_072112.meta
2025-07-24 07:25:17,759 - INFO - === [START] AHE Encryption ===
2025-07-24 07:25:17,759 - INFO - [AUDIT] Input entropy: 3.2810 | Anomaly: True
2025-07-24 07:25:17,760 - WARNING - [AUDIT] Anomaly reasons: Entropy out of normal range
2025-07-24 07:25:17,760 - DEBUG - [TIMING] Entropy+Anomaly detection took 0.000041s
2025-07-24 07:25:17,760 - INFO - [SECURITY] PQC handshake: Kyber512
2025-07-24 07:25:17,761 - DEBUG - [TIMING] PQC handshake took 0.000204s
2025-07-24 07:25:17,761 - DEBUG - [TRACE] Fusion key derivation initiated
2025-07-24 07:25:17,761 - INFO - [TRACE] AES key derived successfully
2025-07-24 07:25:17,761 - DEBUG - [TIMING] AES key derivation took 0.000291s
2025-07-24 07:25:17,762 - DEBUG - [INTEGRITY] AES-GCM tag generated
2025-07-24 07:25:17,762 - INFO - [INTEGRITY] AES encryption completed
2025-07-24 07:25:17,762 - DEBUG - [TIMING] AES encryption took 0.000296s
2025-07-24 07:25:17,803 - DEBUG - [ZERO-KNOWLEDGE] Metadata encapsulated securely
2025-07-24 07:25:17,803 - DEBUG - [TIMING] Metadata encryption took 0.041336s
2025-07-24 07:25:17,811 - INFO - [DONE] Encryption finished in 0.0512s
2025-07-24 07:25:17,811 - INFO - Ciphertext: secure_storage/ciphertext_20250724_072517.ahe, Metadata: secure_storage/metadata_20250724_072517.meta
2025-07-24 07:25:17,811 - INFO - === [END] Zero Knowledge Assurance Verified ===
2025-07-24 07:25:19,887 - INFO - === [START] AHE Encryption ===
2025-07-24 07:25:19,888 - INFO - [AUDIT] Input entropy: 3.2810 | Anomaly: True
2025-07-24 07:25:19,888 - WARNING - [AUDIT] Anomaly reasons: Entropy out of normal range
2025-07-24 07:25:19,889 - DEBUG - [TIMING] Entropy+Anomaly detection took 0.000022s
2025-07-24 07:25:19,889 - INFO - [SECURITY] PQC handshake: ML-KEM-768
2025-07-24 07:25:19,889 - DEBUG - [TIMING] PQC handshake took 0.000280s
2025-07-24 07:25:19,890 - DEBUG - [TRACE] Fusion key derivation initiated
2025-07-24 07:25:19,890 - INFO - [TRACE] AES key derived successfully
2025-07-24 07:25:19,890 - DEBUG - [TIMING] AES key derivation took 0.000183s
2025-07-24 07:25:19,890 - DEBUG - [INTEGRITY] AES-GCM tag generated
2025-07-24 07:25:19,890 - INFO - [INTEGRITY] AES encryption completed
2025-07-24 07:25:19,891 - DEBUG - [TIMING] AES encryption took 0.000244s
2025-07-24 07:25:19,932 - DEBUG - [ZERO-KNOWLEDGE] Metadata encapsulated securely
2025-07-24 07:25:19,932 - DEBUG - [TIMING] Metadata encryption took 0.041515s
2025-07-24 07:25:19,937 - INFO - [DONE] Encryption finished in 0.0495s
2025-07-24 07:25:19,937 - INFO - Ciphertext: secure_storage/ciphertext_20250724_072519.ahe, Metadata: secure_storage/metadata_20250724_072519.meta
2025-07-24 07:25:19,938 - INFO - === [END] Zero Knowledge Assurance Verified ===
2025-07-24 07:25:59,100 - INFO - === [START] AHE Decryption ===
2025-07-24 07:25:59,103 - INFO - [INFO] Using ciphertext: secure_storage/ciphertext_20250724_072519.ahe
2025-07-24 07:25:59,104 - INFO - [INFO] Using metadata: secure_storage/metadata_20250724_072519.meta
2025-07-24 07:25:59,148 - INFO - [SECURITY] PQC profile: ML-KEM-768
2025-07-24 07:25:59,149 - INFO - [AUDIT] Original entropy: 3.2810361125534233
2025-07-24 07:25:59,149 - INFO - [AUDIT] Anomaly flagged: True
2025-07-24 07:25:59,150 - DEBUG - [TRACE] Fusion key derivation initiated
2025-07-24 07:25:59,150 - INFO - [DONE] Decryption successful in 0.0494s
2025-07-24 07:25:59,150 - INFO - === [END] Zero Knowledge Assurance Verified ===
2025-07-24 07:28:55,268 - INFO - === [START] AHE Encryption ===
2025-07-24 07:28:55,269 - INFO - [AUDIT] Input entropy: 2.9540 | Anomaly: True
2025-07-24 07:28:55,269 - WARNING - [AUDIT] Anomaly reasons: Suspicious characters detected, Entropy out of normal range
2025-07-24 07:28:55,269 - DEBUG - [TIMING] Entropy+Anomaly detection took 0.000019s
2025-07-24 07:28:55,270 - INFO - [SECURITY] PQC handshake: ML-KEM-768
2025-07-24 07:28:55,270 - DEBUG - [TIMING] PQC handshake took 0.000128s
2025-07-24 07:28:55,270 - DEBUG - [TRACE] Fusion key derivation initiated
2025-07-24 07:28:55,271 - INFO - [TRACE] AES key derived successfully
2025-07-24 07:28:55,271 - DEBUG - [TIMING] AES key derivation took 0.000252s
2025-07-24 07:28:55,271 - DEBUG - [INTEGRITY] AES-GCM tag generated
2025-07-24 07:28:55,271 - INFO - [INTEGRITY] AES encryption completed
2025-07-24 07:28:55,272 - DEBUG - [TIMING] AES encryption took 0.000513s
2025-07-24 07:28:55,313 - DEBUG - [ZERO-KNOWLEDGE] Metadata encapsulated securely
2025-07-24 07:28:55,314 - DEBUG - [TIMING] Metadata encryption took 0.041852s
2025-07-24 07:28:55,319 - INFO - [DONE] Encryption finished in 0.0505s
2025-07-24 07:28:55,320 - INFO - Ciphertext: secure_storage/ciphertext_20250724_072855.ahe, Metadata: secure_storage/metadata_20250724_072855.meta
2025-07-24 07:28:55,320 - INFO - === [END] Zero Knowledge Assurance Verified ===
2025-07-24 07:29:21,004 - INFO - === [START] AHE Decryption ===
2025-07-24 07:29:21,008 - INFO - [INFO] Using ciphertext: secure_storage/ciphertext_20250724_072855.ahe
2025-07-24 07:29:21,009 - INFO - [INFO] Using metadata: secure_storage/metadata_20250724_072855.meta
2025-07-24 07:29:21,053 - INFO - [SECURITY] PQC profile: ML-KEM-768
2025-07-24 07:29:21,053 - INFO - [AUDIT] Original entropy: 2.9540036423298544
2025-07-24 07:29:21,054 - INFO - [AUDIT] Anomaly flagged: True
2025-07-24 07:29:21,054 - DEBUG - [TRACE] Fusion key derivation initiated
2025-07-24 07:29:21,055 - INFO - [DONE] Decryption successful in 0.0502s
2025-07-24 07:29:21,055 - INFO - === [END] Zero Knowledge Assurance Verified ===
2025-07-24 07:29:23,857 - INFO - === [START] AHE Decryption ===
2025-07-24 07:29:23,861 - INFO - [INFO] Using ciphertext: secure_storage/ciphertext_20250724_072855.ahe
2025-07-24 07:29:23,861 - INFO - [INFO] Using metadata: secure_storage/metadata_20250724_072855.meta
2025-07-24 07:29:23,905 - INFO - [SECURITY] PQC profile: ML-KEM-768
2025-07-24 07:29:23,905 - INFO - [AUDIT] Original entropy: 2.9540036423298544
2025-07-24 07:29:23,906 - INFO - [AUDIT] Anomaly flagged: True
2025-07-24 07:29:23,907 - DEBUG - [TRACE] Fusion key derivation initiated
2025-07-24 07:29:23,907 - INFO - [DONE] Decryption successful in 0.0500s
2025-07-24 07:29:23,908 - INFO - === [END] Zero Knowledge Assurance Verified ===
2025-07-25 03:39:49,593 - INFO - [API] Encryption request received
2025-07-25 03:39:49,594 - INFO - === [START] AHE Encryption ===
2025-07-25 03:39:49,594 - INFO - [AUDIT] Input entropy: 2.5850 | Anomaly: True
2025-07-25 03:39:49,594 - WARNING - [AUDIT] Anomaly reasons: Entropy out of normal range
2025-07-25 03:39:49,595 - DEBUG - [TIMING] Entropy+Anomaly detection took 0.000121s
2025-07-25 03:39:49,596 - INFO - [SECURITY] PQC handshake: Kyber512
2025-07-25 03:39:49,596 - DEBUG - [TIMING] PQC handshake took 0.001382s
2025-07-25 03:39:49,597 - DEBUG - [TRACE] Fusion key derivation initiated
2025-07-25 03:39:49,597 - INFO - [TRACE] AES key derived successfully
2025-07-25 03:39:49,597 - DEBUG - [TIMING] AES key derivation took 0.000227s
2025-07-25 03:39:49,609 - DEBUG - [INTEGRITY] AES-GCM tag generated
2025-07-25 03:39:49,609 - INFO - [INTEGRITY] AES encryption completed
2025-07-25 03:39:49,609 - DEBUG - [TIMING] AES encryption took 0.011931s
2025-07-25 03:39:49,651 - DEBUG - [ZERO-KNOWLEDGE] Metadata encapsulated securely
2025-07-25 03:39:49,652 - DEBUG - [TIMING] Metadata encryption took 0.042270s
2025-07-25 03:39:49,656 - INFO - [DONE] Encryption finished in 0.0624s
2025-07-25 03:39:49,657 - INFO - Ciphertext: secure_storage/ciphertext_20250725_033949.ahe, Metadata: secure_storage/metadata_20250725_033949.meta
2025-07-25 03:39:49,657 - INFO - === [END] Zero Knowledge Assurance Verified ===
2025-07-25 03:39:49,657 - ERROR - [API ERROR] 'NoneType' object has no attribute 'get'
2025-07-25 03:39:50,967 - INFO - [API] Encryption request received
2025-07-25 03:39:50,967 - INFO - === [START] AHE Encryption ===
2025-07-25 03:39:50,968 - INFO - [AUDIT] Input entropy: 2.5850 | Anomaly: True
2025-07-25 03:39:50,968 - WARNING - [AUDIT] Anomaly reasons: Entropy out of normal range
2025-07-25 03:39:50,968 - DEBUG - [TIMING] Entropy+Anomaly detection took 0.000023s
2025-07-25 03:39:50,969 - INFO - [SECURITY] PQC handshake: ML-KEM-768
2025-07-25 03:39:50,969 - DEBUG - [TIMING] PQC handshake took 0.000636s
2025-07-25 03:39:50,970 - DEBUG - [TRACE] Fusion key derivation initiated
2025-07-25 03:39:50,970 - INFO - [TRACE] AES key derived successfully
2025-07-25 03:39:50,970 - DEBUG - [TIMING] AES key derivation took 0.000207s
2025-07-25 03:39:50,970 - DEBUG - [INTEGRITY] AES-GCM tag generated
2025-07-25 03:39:50,971 - INFO - [INTEGRITY] AES encryption completed
2025-07-25 03:39:50,971 - DEBUG - [TIMING] AES encryption took 0.000329s
2025-07-25 03:39:51,014 - DEBUG - [ZERO-KNOWLEDGE] Metadata encapsulated securely
2025-07-25 03:39:51,014 - DEBUG - [TIMING] Metadata encryption took 0.043153s
2025-07-25 03:39:51,018 - INFO - [DONE] Encryption finished in 0.0501s
2025-07-25 03:39:51,018 - INFO - Ciphertext: secure_storage/ciphertext_20250725_033951.ahe, Metadata: secure_storage/metadata_20250725_033951.meta
2025-07-25 03:39:51,018 - INFO - === [END] Zero Knowledge Assurance Verified ===
2025-07-25 03:39:51,018 - ERROR - [API ERROR] 'NoneType' object has no attribute 'get'
2025-07-25 03:40:30,816 - INFO - [API] Decryption request received
2025-07-25 03:40:30,816 - INFO - === [START] AHE Decryption ===
2025-07-25 03:40:30,820 - INFO - [INFO] Using ciphertext: secure_storage/ciphertext_20250725_033951.ahe
2025-07-25 03:40:30,820 - INFO - [INFO] Using metadata: secure_storage/metadata_20250725_033951.meta
2025-07-25 03:40:30,867 - INFO - [SECURITY] PQC profile: ML-KEM-768
2025-07-25 03:40:30,867 - INFO - [AUDIT] Original entropy: 2.584962500721156
2025-07-25 03:40:30,868 - INFO - [AUDIT] Anomaly flagged: True
2025-07-25 03:40:30,869 - DEBUG - [TRACE] Fusion key derivation initiated
2025-07-25 03:40:30,869 - INFO - [DONE] Decryption successful in 0.0525s
2025-07-25 03:40:30,869 - INFO - === [END] Zero Knowledge Assurance Verified ===
2025-07-25 03:40:30,870 - ERROR - [API ERROR] 'NoneType' object has no attribute 'get'
2025-07-25 03:59:13,045 - INFO - === [START] AHE Encryption ===
2025-07-25 03:59:13,046 - INFO - [AUDIT] Input entropy: 2.5850 | Anomaly: True
2025-07-25 03:59:13,046 - WARNING - [AUDIT] Anomaly reasons: Entropy out of normal range
2025-07-25 03:59:13,047 - INFO - [SECURITY] PQC handshake: Kyber768
2025-07-25 03:59:13,048 - DEBUG - [TRACE] Fusion key derivation initiated
2025-07-25 03:59:13,048 - INFO - [TRACE] AES key derived successfully
2025-07-25 03:59:13,057 - DEBUG - [INTEGRITY] AES-GCM tag generated
2025-07-25 03:59:13,057 - INFO - [INTEGRITY] AES encryption completed
2025-07-25 03:59:13,101 - DEBUG - [ZERO-KNOWLEDGE] Metadata encapsulated securely
2025-07-25 03:59:13,106 - INFO - [DONE] Encryption finished in 0.0600s
2025-07-25 03:59:13,106 - INFO - Ciphertext: secure_storage/ciphertext_20250725_035913.ahe, Metadata: secure_storage/metadata_20250725_035913.meta
2025-07-25 03:59:13,106 - INFO - === [END] Zero Knowledge Assurance Verified ===
2025-07-25 03:59:14,610 - INFO - === [START] AHE Encryption ===
2025-07-25 03:59:14,611 - INFO - [AUDIT] Input entropy: 2.5850 | Anomaly: True
2025-07-25 03:59:14,611 - WARNING - [AUDIT] Anomaly reasons: Entropy out of normal range
2025-07-25 03:59:14,613 - INFO - [SECURITY] PQC handshake: Kyber512
2025-07-25 03:59:14,614 - DEBUG - [TRACE] Fusion key derivation initiated
2025-07-25 03:59:14,614 - INFO - [TRACE] AES key derived successfully
2025-07-25 03:59:14,615 - DEBUG - [INTEGRITY] AES-GCM tag generated
2025-07-25 03:59:14,615 - INFO - [INTEGRITY] AES encryption completed
2025-07-25 03:59:14,658 - DEBUG - [ZERO-KNOWLEDGE] Metadata encapsulated securely
2025-07-25 03:59:14,663 - INFO - [DONE] Encryption finished in 0.0518s
2025-07-25 03:59:14,663 - INFO - Ciphertext: secure_storage/ciphertext_20250725_035914.ahe, Metadata: secure_storage/metadata_20250725_035914.meta
2025-07-25 03:59:14,663 - INFO - === [END] Zero Knowledge Assurance Verified ===
2025-07-25 04:01:37,917 - INFO - === [START] AHE Decryption ===
2025-07-25 04:01:37,920 - INFO - [INFO] Using ciphertext: secure_storage/ciphertext_20250725_035914.ahe
2025-07-25 04:01:37,921 - INFO - [INFO] Using metadata: secure_storage/metadata_20250725_035914.meta
2025-07-25 04:01:37,967 - DEBUG - [TRACE] Fusion key derivation initiated
2025-07-25 04:01:37,968 - INFO - [DONE] Decryption successful in 0.0506s
2025-07-25 04:01:37,968 - INFO - === [END] Zero Knowledge Assurance Verified ===
2025-07-25 04:01:39,259 - INFO - === [START] AHE Decryption ===
2025-07-25 04:01:39,263 - INFO - [INFO] Using ciphertext: secure_storage/ciphertext_20250725_035914.ahe
2025-07-25 04:01:39,264 - INFO - [INFO] Using metadata: secure_storage/metadata_20250725_035914.meta
2025-07-25 04:01:39,315 - DEBUG - [TRACE] Fusion key derivation initiated
2025-07-25 04:01:39,316 - INFO - [DONE] Decryption successful in 0.0562s
2025-07-25 04:01:39,316 - INFO - === [END] Zero Knowledge Assurance Verified ===
2025-07-25 04:09:31,846 - INFO - === [START] AHE Encryption ===
2025-07-25 04:09:31,847 - INFO - [AUDIT] Input entropy: 2.5850 | Anomaly: True
2025-07-25 04:09:31,847 - WARNING - [AUDIT] Anomaly reasons: Entropy out of normal range
2025-07-25 04:09:31,848 - INFO - [SECURITY] PQC handshake: Kyber512
2025-07-25 04:09:31,848 - DEBUG - [TRACE] Fusion key derivation initiated
2025-07-25 04:09:31,849 - INFO - [TRACE] AES key derived successfully
2025-07-25 04:09:31,857 - DEBUG - [INTEGRITY] AES-GCM tag generated
2025-07-25 04:09:31,857 - INFO - [INTEGRITY] AES encryption completed
2025-07-25 04:09:31,899 - DEBUG - [ZERO-KNOWLEDGE] Metadata encapsulated securely
2025-07-25 04:09:31,903 - INFO - [DONE] Encryption finished in 0.0565s
2025-07-25 04:09:31,903 - INFO - Ciphertext: secure_storage/ciphertext_20250725_040931.ahe, Metadata: secure_storage/metadata_20250725_040931.meta
2025-07-25 04:09:31,904 - INFO - === [END] Zero Knowledge Assurance Verified ===
2025-07-25 04:09:36,802 - INFO - === [START] AHE Encryption ===
2025-07-25 04:09:36,802 - INFO - [AUDIT] Input entropy: 2.5850 | Anomaly: True
2025-07-25 04:09:36,803 - WARNING - [AUDIT] Anomaly reasons: Entropy out of normal range
2025-07-25 04:09:36,803 - INFO - [SECURITY] PQC handshake: ML-KEM-768
2025-07-25 04:09:36,804 - DEBUG - [TRACE] Fusion key derivation initiated
2025-07-25 04:09:36,804 - INFO - [TRACE] AES key derived successfully
2025-07-25 04:09:36,804 - DEBUG - [INTEGRITY] AES-GCM tag generated
2025-07-25 04:09:36,804 - INFO - [INTEGRITY] AES encryption completed
2025-07-25 04:09:36,846 - DEBUG - [ZERO-KNOWLEDGE] Metadata encapsulated securely
2025-07-25 04:09:36,850 - INFO - [DONE] Encryption finished in 0.0480s
2025-07-25 04:09:36,851 - INFO - Ciphertext: secure_storage/ciphertext_20250725_040936.ahe, Metadata: secure_storage/metadata_20250725_040936.meta
2025-07-25 04:09:36,851 - INFO - === [END] Zero Knowledge Assurance Verified ===
2025-07-25 04:18:08,364 - INFO - === [START] AHE Encryption ===
2025-07-25 04:18:08,364 - INFO - [AUDIT] Input entropy: 2.8454 | Anomaly: True
2025-07-25 04:18:08,365 - WARNING - [AUDIT] Anomaly reasons: Entropy out of normal range
2025-07-25 04:18:08,366 - INFO - [SECURITY] PQC handshake: Kyber512
2025-07-25 04:18:08,366 - DEBUG - [TRACE] Fusion key derivation initiated
2025-07-25 04:18:08,366 - INFO - [TRACE] AES key derived successfully
2025-07-25 04:18:08,374 - DEBUG - [INTEGRITY] AES-GCM tag generated
2025-07-25 04:18:08,375 - INFO - [INTEGRITY] AES encryption completed
2025-07-25 04:18:08,417 - DEBUG - [ZERO-KNOWLEDGE] Metadata encapsulated securely
2025-07-25 04:18:08,421 - INFO - [DONE] Encryption finished in 0.0571s
2025-07-25 04:18:08,422 - INFO - Ciphertext: secure_storage/ciphertext_20250725_041808.ahe, Metadata: secure_storage/metadata_20250725_041808.meta
2025-07-25 04:18:08,422 - INFO - === [END] Zero Knowledge Assurance Verified ===
2025-07-25 04:18:10,132 - INFO - === [START] AHE Encryption ===
2025-07-25 04:18:10,132 - INFO - [AUDIT] Input entropy: 2.8454 | Anomaly: True
2025-07-25 04:18:10,133 - WARNING - [AUDIT] Anomaly reasons: Entropy out of normal range
2025-07-25 04:18:10,133 - INFO - [SECURITY] PQC handshake: Kyber768
2025-07-25 04:18:10,134 - DEBUG - [TRACE] Fusion key derivation initiated
2025-07-25 04:18:10,134 - INFO - [TRACE] AES key derived successfully
2025-07-25 04:18:10,134 - DEBUG - [INTEGRITY] AES-GCM tag generated
2025-07-25 04:18:10,134 - INFO - [INTEGRITY] AES encryption completed
2025-07-25 04:18:10,175 - DEBUG - [ZERO-KNOWLEDGE] Metadata encapsulated securely
2025-07-25 04:18:10,179 - INFO - [DONE] Encryption finished in 0.0473s
2025-07-25 04:18:10,180 - INFO - Ciphertext: secure_storage/ciphertext_20250725_041810.ahe, Metadata: secure_storage/metadata_20250725_041810.meta
2025-07-25 04:18:10,180 - INFO - === [END] Zero Knowledge Assurance Verified ===
2025-07-25 04:18:36,358 - INFO - === [START] AHE Decryption ===
2025-07-25 04:18:36,361 - INFO - [INFO] Using ciphertext: secure_storage/ciphertext_20250725_041810.ahe
2025-07-25 04:18:36,362 - INFO - [INFO] Using metadata: secure_storage/metadata_20250725_041810.meta
2025-07-25 04:18:36,406 - DEBUG - [TRACE] Fusion key derivation initiated
2025-07-25 04:18:36,407 - INFO - [DONE] Decryption successful in 0.0484s
2025-07-25 04:18:36,407 - INFO - === [END] Zero Knowledge Assurance Verified ===
2025-07-25 04:18:37,545 - INFO - === [START] AHE Decryption ===
2025-07-25 04:18:37,548 - INFO - [INFO] Using ciphertext: secure_storage/ciphertext_20250725_041810.ahe
2025-07-25 04:18:37,549 - INFO - [INFO] Using metadata: secure_storage/metadata_20250725_041810.meta
2025-07-25 04:18:37,594 - DEBUG - [TRACE] Fusion key derivation initiated
2025-07-25 04:18:37,595 - INFO - [DONE] Decryption successful in 0.0491s
2025-07-25 04:18:37,595 - INFO - === [END] Zero Knowledge Assurance Verified ===
2025-07-25 04:24:41,618 - INFO - API: Received encryption request
2025-07-25 04:24:41,618 - INFO - === [START] AHE Encryption ===
2025-07-25 04:24:41,619 - INFO - [AUDIT] Input entropy: 2.8454 | Anomaly: True
2025-07-25 04:24:41,619 - WARNING - [AUDIT] Anomaly reasons: Entropy out of normal range
2025-07-25 04:24:41,620 - INFO - [SECURITY] PQC handshake: Kyber512
2025-07-25 04:24:41,620 - DEBUG - [TRACE] Fusion key derivation initiated
2025-07-25 04:24:41,621 - INFO - [TRACE] AES key derived successfully
2025-07-25 04:24:41,629 - DEBUG - [INTEGRITY] AES-GCM tag generated
2025-07-25 04:24:41,630 - INFO - [INTEGRITY] AES encryption completed
2025-07-25 04:24:41,672 - DEBUG - [ZERO-KNOWLEDGE] Metadata encapsulated securely
2025-07-25 04:24:41,676 - INFO - [DONE] Encryption finished in 0.0573s
2025-07-25 04:24:41,676 - INFO - Ciphertext: secure_storage/ciphertext_20250725_042441.ahe, Metadata: secure_storage/metadata_20250725_042441.meta
2025-07-25 04:24:41,677 - INFO - === [END] Zero Knowledge Assurance Verified ===
2025-07-25 04:24:42,846 - INFO - API: Received encryption request
2025-07-25 04:24:42,846 - INFO - === [START] AHE Encryption ===
2025-07-25 04:24:42,847 - INFO - [AUDIT] Input entropy: 2.8454 | Anomaly: True
2025-07-25 04:24:42,847 - WARNING - [AUDIT] Anomaly reasons: Entropy out of normal range
2025-07-25 04:24:42,847 - INFO - [SECURITY] PQC handshake: ML-KEM-768
2025-07-25 04:24:42,848 - DEBUG - [TRACE] Fusion key derivation initiated
2025-07-25 04:24:42,848 - INFO - [TRACE] AES key derived successfully
2025-07-25 04:24:42,848 - DEBUG - [INTEGRITY] AES-GCM tag generated
2025-07-25 04:24:42,848 - INFO - [INTEGRITY] AES encryption completed
2025-07-25 04:24:42,891 - DEBUG - [ZERO-KNOWLEDGE] Metadata encapsulated securely
2025-07-25 04:24:42,895 - INFO - [DONE] Encryption finished in 0.0483s
2025-07-25 04:24:42,895 - INFO - Ciphertext: secure_storage/ciphertext_20250725_042442.ahe, Metadata: secure_storage/metadata_20250725_042442.meta
2025-07-25 04:24:42,895 - INFO - === [END] Zero Knowledge Assurance Verified ===
2025-07-25 04:26:34,777 - INFO - API: Received decryption request
2025-07-25 04:26:35,902 - INFO - API: Received decryption request
2025-07-25 04:32:50,146 - INFO - Encrypt request received
2025-07-25 04:32:50,146 - INFO - === [START] AHE Encryption ===
2025-07-25 04:32:50,146 - INFO - [AUDIT] Input entropy: 2.5850 | Anomaly: True
2025-07-25 04:32:50,147 - WARNING - [AUDIT] Anomaly reasons: Entropy out of normal range
2025-07-25 04:32:50,147 - INFO - [SECURITY] PQC handshake: Kyber768
2025-07-25 04:32:50,148 - DEBUG - [TRACE] Fusion key derivation initiated
2025-07-25 04:32:50,148 - INFO - [TRACE] AES key derived successfully
2025-07-25 04:32:50,156 - DEBUG - [INTEGRITY] AES-GCM tag generated
2025-07-25 04:32:50,156 - INFO - [INTEGRITY] AES encryption completed
2025-07-25 04:32:50,199 - DEBUG - [ZERO-KNOWLEDGE] Metadata encapsulated securely
2025-07-25 04:32:50,203 - INFO - [DONE] Encryption finished in 0.0565s
2025-07-25 04:32:50,203 - INFO - Ciphertext: secure_storage/ciphertext_20250725_043250.ahe, Metadata: secure_storage/metadata_20250725_043250.meta
2025-07-25 04:32:50,203 - INFO - === [END] Zero Knowledge Assurance Verified ===
2025-07-25 04:32:50,203 - ERROR - Encrypt error: 'ciphertext_path'
2025-07-25 04:32:51,968 - INFO - Encrypt request received
2025-07-25 04:32:51,968 - INFO - === [START] AHE Encryption ===
2025-07-25 04:32:51,968 - INFO - [AUDIT] Input entropy: 2.5850 | Anomaly: True
2025-07-25 04:32:51,969 - WARNING - [AUDIT] Anomaly reasons: Entropy out of normal range
2025-07-25 04:32:51,969 - INFO - [SECURITY] PQC handshake: Kyber512
2025-07-25 04:32:51,969 - DEBUG - [TRACE] Fusion key derivation initiated
2025-07-25 04:32:51,970 - INFO - [TRACE] AES key derived successfully
2025-07-25 04:32:51,970 - DEBUG - [INTEGRITY] AES-GCM tag generated
2025-07-25 04:32:51,970 - INFO - [INTEGRITY] AES encryption completed
2025-07-25 04:32:52,016 - DEBUG - [ZERO-KNOWLEDGE] Metadata encapsulated securely
2025-07-25 04:32:52,019 - INFO - [DONE] Encryption finished in 0.0511s
2025-07-25 04:32:52,020 - INFO - Ciphertext: secure_storage/ciphertext_20250725_043252.ahe, Metadata: secure_storage/metadata_20250725_043252.meta
2025-07-25 04:32:52,020 - INFO - === [END] Zero Knowledge Assurance Verified ===
2025-07-25 04:32:52,020 - ERROR - Encrypt error: 'ciphertext_path'
2025-07-25 04:33:22,167 - INFO - Encrypt request received
2025-07-25 04:33:22,168 - INFO - === [START] AHE Encryption ===
2025-07-25 04:33:22,168 - INFO - [AUDIT] Input entropy: 2.5850 | Anomaly: True
2025-07-25 04:33:22,168 - WARNING - [AUDIT] Anomaly reasons: Entropy out of normal range
2025-07-25 04:33:22,169 - INFO - [SECURITY] PQC handshake: Kyber768
2025-07-25 04:33:22,169 - DEBUG - [TRACE] Fusion key derivation initiated
2025-07-25 04:33:22,169 - INFO - [TRACE] AES key derived successfully
2025-07-25 04:33:22,169 - DEBUG - [INTEGRITY] AES-GCM tag generated
2025-07-25 04:33:22,169 - INFO - [INTEGRITY] AES encryption completed
2025-07-25 04:33:22,212 - DEBUG - [ZERO-KNOWLEDGE] Metadata encapsulated securely
2025-07-25 04:33:22,216 - INFO - [DONE] Encryption finished in 0.0474s
2025-07-25 04:33:22,216 - INFO - Ciphertext: secure_storage/ciphertext_20250725_043322.ahe, Metadata: secure_storage/metadata_20250725_043322.meta
2025-07-25 04:33:22,216 - INFO - === [END] Zero Knowledge Assurance Verified ===
2025-07-25 04:33:22,216 - ERROR - Encrypt error: 'ciphertext_path'
2025-07-25 04:34:12,832 - INFO - Encrypt request received
2025-07-25 04:34:12,833 - INFO - === [START] AHE Encryption ===
2025-07-25 04:34:12,833 - INFO - [AUDIT] Input entropy: 2.6543 | Anomaly: True
2025-07-25 04:34:12,833 - WARNING - [AUDIT] Anomaly reasons: Entropy out of normal range
2025-07-25 04:34:12,834 - INFO - [SECURITY] PQC handshake: ML-KEM-768
2025-07-25 04:34:12,834 - DEBUG - [TRACE] Fusion key derivation initiated
2025-07-25 04:34:12,834 - INFO - [TRACE] AES key derived successfully
2025-07-25 04:34:12,835 - DEBUG - [INTEGRITY] AES-GCM tag generated
2025-07-25 04:34:12,835 - INFO - [INTEGRITY] AES encryption completed
2025-07-25 04:34:12,876 - DEBUG - [ZERO-KNOWLEDGE] Metadata encapsulated securely
2025-07-25 04:34:12,881 - INFO - [DONE] Encryption finished in 0.0478s
2025-07-25 04:34:12,881 - INFO - Ciphertext: secure_storage/ciphertext_20250725_043412.ahe, Metadata: secure_storage/metadata_20250725_043412.meta
2025-07-25 04:34:12,881 - INFO - === [END] Zero Knowledge Assurance Verified ===
2025-07-25 04:34:12,882 - ERROR - Encrypt error: 'ciphertext_path'
2025-07-25 04:36:14,757 - INFO - [ENCRYPT] Processing request...
2025-07-25 04:36:14,758 - INFO - === [START] AHE Encryption ===
2025-07-25 04:36:14,758 - INFO - [AUDIT] Input entropy: 4.1699 | Anomaly: True
2025-07-25 04:36:14,759 - WARNING - [AUDIT] Anomaly reasons: Suspicious characters detected
2025-07-25 04:36:14,760 - INFO - [SECURITY] PQC handshake: Kyber512
2025-07-25 04:36:14,760 - DEBUG - [TRACE] Fusion key derivation initiated
2025-07-25 04:36:14,760 - INFO - [TRACE] AES key derived successfully
2025-07-25 04:36:14,769 - DEBUG - [INTEGRITY] AES-GCM tag generated
2025-07-25 04:36:14,769 - INFO - [INTEGRITY] AES encryption completed
2025-07-25 04:36:14,811 - DEBUG - [ZERO-KNOWLEDGE] Metadata encapsulated securely
2025-07-25 04:36:14,816 - INFO - [DONE] Encryption finished in 0.0581s
2025-07-25 04:36:14,817 - INFO - Ciphertext: secure_storage/ciphertext_20250725_043614.ahe, Metadata: secure_storage/metadata_20250725_043614.meta
2025-07-25 04:36:14,817 - INFO - === [END] Zero Knowledge Assurance Verified ===
2025-07-25 04:36:51,982 - INFO - [DECRYPT] Processing request...
2025-07-25 04:36:51,983 - INFO - === [START] AHE Decryption ===
2025-07-25 04:36:51,988 - INFO - [INFO] Using ciphertext: secure_storage/ciphertext_20250725_043614.ahe
2025-07-25 04:36:51,989 - INFO - [INFO] Using metadata: secure_storage/metadata_20250725_043614.meta
2025-07-25 04:36:52,034 - DEBUG - [TRACE] Fusion key derivation initiated
2025-07-25 04:36:52,035 - INFO - [DONE] Decryption successful in 0.0520s
2025-07-25 04:36:52,035 - INFO - === [END] Zero Knowledge Assurance Verified ===
2025-07-25 05:00:58,273 - INFO - [ENCRYPT] Processing request...
2025-07-25 05:00:58,273 - INFO - === [START] AHE Encryption ===
2025-07-25 05:00:58,274 - INFO - [AUDIT] Input entropy: 2.2354 | Anomaly: True
2025-07-25 05:00:58,274 - WARNING - [AUDIT] Anomaly reasons: Entropy out of normal range
2025-07-25 05:00:58,275 - INFO - [SECURITY] PQC handshake: ML-KEM-768
2025-07-25 05:00:58,275 - DEBUG - [TRACE] Fusion key derivation initiated
2025-07-25 05:00:58,275 - INFO - [TRACE] AES key derived successfully
2025-07-25 05:00:58,284 - DEBUG - [INTEGRITY] AES-GCM tag generated
2025-07-25 05:00:58,285 - INFO - [INTEGRITY] AES encryption completed
2025-07-25 05:00:58,329 - DEBUG - [ZERO-KNOWLEDGE] Metadata encapsulated securely
2025-07-25 05:00:58,334 - INFO - [DONE] Encryption finished in 0.0606s
2025-07-25 05:00:58,334 - INFO - Ciphertext: secure_storage/ciphertext_20250725_050058.ahe, Metadata: secure_storage/metadata_20250725_050058.meta
2025-07-25 05:00:58,335 - INFO - === [END] Zero Knowledge Assurance Verified ===
2025-07-25 05:01:17,710 - INFO - [DECRYPT] Processing request...
2025-07-25 05:01:17,710 - INFO - === [START] AHE Decryption ===
2025-07-25 05:01:17,715 - INFO - [INFO] Using ciphertext: secure_storage/ciphertext_20250725_050058.ahe
2025-07-25 05:01:17,716 - INFO - [INFO] Using metadata: secure_storage/metadata_20250725_050058.meta
2025-07-25 05:01:17,762 - DEBUG - [TRACE] Fusion key derivation initiated
2025-07-25 05:01:17,763 - INFO - [DONE] Decryption successful in 0.0519s
2025-07-25 05:01:17,763 - INFO - === [END] Zero Knowledge Assurance Verified ===
